<?xml version="1.0" encoding="UTF-8"?>
<!-- Generated by org.testng.reporters.JUnitXMLReporter -->
<testsuite hostname="PL16677BDziuba" ignored="0" name="Login" tests="2" failures="1" timestamp="31 Jan 2020 12:56:07 GMT" time="10.372" errors="0">
  <testcase name="loginTest" time="8.075" classname="org.auto.fw.LoginTestNG"/>
  <testcase name="searchTest" time="2.283" classname="org.auto.fw.LoginTestNG">
    <failure type="org.openqa.selenium.NoSuchElementException" message="no such element: Unable to locate element: {&amp;quot;method&amp;quot;:&amp;quot;xpath&amp;quot;,&amp;quot;selector&amp;quot;:&amp;quot;/html/body/div[4]/div[2]/div/div/div[1]/div/div[1]/div/div[1]/div/div[3]/div/div[2]/div/div/div/div[1]/div/div/div/div[1]/div[1]/div/div/div/div[1]/div/div&amp;quot;}
  (Session info: chrome=79.0.3945.130)
For documentation on this error, please visit: https://www.seleniumhq.org/exceptions/no_such_element.html
Build info: version: &amp;apos;3.141.59&amp;apos;, revision: &amp;apos;e82be7d358&amp;apos;, time: &amp;apos;2018-11-14T08:25:48&amp;apos;
System info: host: &amp;apos;PL16677BDZIUBA&amp;apos;, ip: &amp;apos;10.42.3.45&amp;apos;, os.name: &amp;apos;Windows 10&amp;apos;, os.arch: &amp;apos;amd64&amp;apos;, os.version: &amp;apos;10.0&amp;apos;, java.version: &amp;apos;1.8.0_241&amp;apos;
Driver info: org.openqa.selenium.chrome.ChromeDriver
Capabilities {acceptInsecureCerts: false, browserName: chrome, browserVersion: 79.0.3945.130, chrome: {chromedriverVersion: 79.0.3945.36 (3582db32b3389..., userDataDir: C:\Users\bdziuba\AppData\Lo...}, goog:chromeOptions: {debuggerAddress: localhost:55270}, javascriptEnabled: true, networkConnectionEnabled: false, pageLoadStrategy: normal, platform: WINDOWS, platformName: WINDOWS, proxy: Proxy(), setWindowRect: true, strictFileInteractability: false, timeouts: {implicit: 0, pageLoad: 300000, script: 30000}, unhandledPromptBehavior: dismiss and notify}
Session ID: 248a215a1c8debac38ac3b2191f076e1
*** Element info: {Using=xpath, value=/html/body/div[4]/div[2]/div/div/div[1]/div/div[1]/div/div[1]/div/div[3]/div/div[2]/div/div/div/div[1]/div/div/div/div[1]/div[1]/div/div/div/div[1]/div/div}">
      <![CDATA[org.openqa.selenium.NoSuchElementException: no such element: Unable to locate element: {"method":"xpath","selector":"/html/body/div[4]/div[2]/div/div/div[1]/div/div[1]/div/div[1]/div/div[3]/div/div[2]/div/div/div/div[1]/div/div/div/div[1]/div[1]/div/div/div/div[1]/div/div"}
  (Session info: chrome=79.0.3945.130)
For documentation on this error, please visit: https://www.seleniumhq.org/exceptions/no_such_element.html
Build info: version: '3.141.59', revision: 'e82be7d358', time: '2018-11-14T08:25:48'
System info: host: 'PL16677BDZIUBA', ip: '10.42.3.45', os.name: 'Windows 10', os.arch: 'amd64', os.version: '10.0', java.version: '1.8.0_241'
Driver info: org.openqa.selenium.chrome.ChromeDriver
Capabilities {acceptInsecureCerts: false, browserName: chrome, browserVersion: 79.0.3945.130, chrome: {chromedriverVersion: 79.0.3945.36 (3582db32b3389..., userDataDir: C:\Users\bdziuba\AppData\Lo...}, goog:chromeOptions: {debuggerAddress: localhost:55270}, javascriptEnabled: true, networkConnectionEnabled: false, pageLoadStrategy: normal, platform: WINDOWS, platformName: WINDOWS, proxy: Proxy(), setWindowRect: true, strictFileInteractability: false, timeouts: {implicit: 0, pageLoad: 300000, script: 30000}, unhandledPromptBehavior: dismiss and notify}
Session ID: 248a215a1c8debac38ac3b2191f076e1
*** Element info: {Using=xpath, value=/html/body/div[4]/div[2]/div/div/div[1]/div/div[1]/div/div[1]/div/div[3]/div/div[2]/div/div/div/div[1]/div/div/div/div[1]/div[1]/div/div/div/div[1]/div/div}
	at org.openqa.selenium.remote.http.W3CHttpResponseCodec.createException(W3CHttpResponseCodec.java:187)
	at org.openqa.selenium.remote.http.W3CHttpResponseCodec.decode(W3CHttpResponseCodec.java:122)
	at org.openqa.selenium.remote.http.W3CHttpResponseCodec.decode(W3CHttpResponseCodec.java:49)
	at org.openqa.selenium.remote.HttpCommandExecutor.execute(HttpCommandExecutor.java:158)
	at org.openqa.selenium.remote.service.DriverCommandExecutor.execute(DriverCommandExecutor.java:83)
	at org.openqa.selenium.remote.RemoteWebDriver.execute(RemoteWebDriver.java:552)
	at org.openqa.selenium.remote.RemoteWebDriver.findElement(RemoteWebDriver.java:323)
	at org.openqa.selenium.remote.RemoteWebDriver.findElementByXPath(RemoteWebDriver.java:428)
	at org.openqa.selenium.By$ByXPath.findElement(By.java:353)
	at org.openqa.selenium.remote.RemoteWebDriver.findElement(RemoteWebDriver.java:315)
	at org.auto.fw.SearchTest.test(SearchTest.java:24)
	at org.auto.fw.LoginTestNG.searchTest(LoginTestNG.java:44)
... Removed 28 stack frames]]>
    </failure>
  </testcase> <!-- searchTest -->
</testsuite> <!-- Login -->
